Performing C SOURCE FILE Test CMAKE_HAVE_LIBC_PTHREAD failed with the following output:
Change Dir: /home/guilherme/wwpcamera/src/wwpcamera/src/CMakeFiles/CMakeTmp

Run Build Command(s):/usr/bin/make -f Makefile cmTC_ecc97/fast && /usr/bin/make  -f CMakeFiles/cmTC_ecc97.dir/build.make CMakeFiles/cmTC_ecc97.dir/build
make[1]: Entrando no diretório '/home/guilherme/wwpcamera/src/wwpcamera/src/CMakeFiles/CMakeTmp'
Building C object CMakeFiles/cmTC_ecc97.dir/src.c.o
/usr/bin/gcc-11 -DCMAKE_HAVE_LIBC_PTHREAD   -o CMakeFiles/cmTC_ecc97.dir/src.c.o -c /home/guilherme/wwpcamera/src/wwpcamera/src/CMakeFiles/CMakeTmp/src.c
Linking C executable cmTC_ecc97
/usr/local/bin/cmake -E cmake_link_script CMakeFiles/cmTC_ecc97.dir/link.txt --verbose=1
/usr/bin/gcc-11 -rdynamic CMakeFiles/cmTC_ecc97.dir/src.c.o -o cmTC_ecc97 
/usr/bin/ld: CMakeFiles/cmTC_ecc97.dir/src.c.o: na função "main":
src.c:(.text+0x46): referência não definida para "pthread_create"
/usr/bin/ld: src.c:(.text+0x52): referência não definida para "pthread_detach"
/usr/bin/ld: src.c:(.text+0x5e): referência não definida para "pthread_cancel"
/usr/bin/ld: src.c:(.text+0x6f): referência não definida para "pthread_join"
collect2: error: ld returned 1 exit status
make[1]: *** [CMakeFiles/cmTC_ecc97.dir/build.make:99: cmTC_ecc97] Erro 1
make[1]: Saindo do diretório '/home/guilherme/wwpcamera/src/wwpcamera/src/CMakeFiles/CMakeTmp'
make: *** [Makefile:127: cmTC_ecc97/fast] Erro 2


Source file was:
#include <pthread.h>

static void* test_func(void* data)
{
  return data;
}

int main(void)
{
  pthread_t thread;
  pthread_create(&thread, NULL, test_func, NULL);
  pthread_detach(thread);
  pthread_cancel(thread);
  pthread_join(thread, NULL);
  pthread_atfork(NULL, NULL, NULL);
  pthread_exit(NULL);

  return 0;
}

Determining if the function pthread_create exists in the pthreads failed with the following output:
Change Dir: /home/guilherme/wwpcamera/src/wwpcamera/src/CMakeFiles/CMakeTmp

Run Build Command(s):/usr/bin/make -f Makefile cmTC_5b7cb/fast && /usr/bin/make  -f CMakeFiles/cmTC_5b7cb.dir/build.make CMakeFiles/cmTC_5b7cb.dir/build
make[1]: Entrando no diretório '/home/guilherme/wwpcamera/src/wwpcamera/src/CMakeFiles/CMakeTmp'
Building C object CMakeFiles/cmTC_5b7cb.dir/CheckFunctionExists.c.o
/usr/bin/gcc-11   -DCHECK_FUNCTION_EXISTS=pthread_create -o CMakeFiles/cmTC_5b7cb.dir/CheckFunctionExists.c.o -c /usr/local/share/cmake-3.20/Modules/CheckFunctionExists.c
Linking C executable cmTC_5b7cb
/usr/local/bin/cmake -E cmake_link_script CMakeFiles/cmTC_5b7cb.dir/link.txt --verbose=1
/usr/bin/gcc-11  -DCHECK_FUNCTION_EXISTS=pthread_create -rdynamic CMakeFiles/cmTC_5b7cb.dir/CheckFunctionExists.c.o -o cmTC_5b7cb  -lpthreads 
/usr/bin/ld: não foi possível localizar -lpthreads
collect2: error: ld returned 1 exit status
make[1]: *** [CMakeFiles/cmTC_5b7cb.dir/build.make:99: cmTC_5b7cb] Erro 1
make[1]: Saindo do diretório '/home/guilherme/wwpcamera/src/wwpcamera/src/CMakeFiles/CMakeTmp'
make: *** [Makefile:127: cmTC_5b7cb/fast] Erro 2



