Performing C SOURCE FILE Test CMAKE_HAVE_LIBC_PTHREAD failed with the following output:
Change Dir: /home/guilherme/wwpcamera/build/CMakeFiles/CMakeTmp

Run Build Command(s):/usr/bin/make -f Makefile cmTC_0eef2/fast && /usr/bin/make  -f CMakeFiles/cmTC_0eef2.dir/build.make CMakeFiles/cmTC_0eef2.dir/build
make[1]: Entrando no diretório '/home/guilherme/wwpcamera/build/CMakeFiles/CMakeTmp'
Building C object CMakeFiles/cmTC_0eef2.dir/src.c.o
/usr/bin/gcc-11 -DCMAKE_HAVE_LIBC_PTHREAD   -o CMakeFiles/cmTC_0eef2.dir/src.c.o -c /home/guilherme/wwpcamera/build/CMakeFiles/CMakeTmp/src.c
Linking C executable cmTC_0eef2
/usr/local/bin/cmake -E cmake_link_script CMakeFiles/cmTC_0eef2.dir/link.txt --verbose=1
/usr/bin/gcc-11 -rdynamic CMakeFiles/cmTC_0eef2.dir/src.c.o -o cmTC_0eef2 
/usr/bin/ld: CMakeFiles/cmTC_0eef2.dir/src.c.o: na função "main":
src.c:(.text+0x46): referência não definida para "pthread_create"
/usr/bin/ld: src.c:(.text+0x52): referência não definida para "pthread_detach"
/usr/bin/ld: src.c:(.text+0x5e): referência não definida para "pthread_cancel"
/usr/bin/ld: src.c:(.text+0x6f): referência não definida para "pthread_join"
collect2: error: ld returned 1 exit status
make[1]: *** [CMakeFiles/cmTC_0eef2.dir/build.make:99: cmTC_0eef2] Erro 1
make[1]: Saindo do diretório '/home/guilherme/wwpcamera/build/CMakeFiles/CMakeTmp'
make: *** [Makefile:127: cmTC_0eef2/fast] Erro 2


Source file was:
#include <pthread.h>

static void* test_func(void* data)
{
  return data;
}

int main(void)
{
  pthread_t thread;
  pthread_create(&thread, NULL, test_func, NULL);
  pthread_detach(thread);
  pthread_cancel(thread);
  pthread_join(thread, NULL);
  pthread_atfork(NULL, NULL, NULL);
  pthread_exit(NULL);

  return 0;
}

Determining if the function pthread_create exists in the pthreads failed with the following output:
Change Dir: /home/guilherme/wwpcamera/build/CMakeFiles/CMakeTmp

Run Build Command(s):/usr/bin/make -f Makefile cmTC_6b02f/fast && /usr/bin/make  -f CMakeFiles/cmTC_6b02f.dir/build.make CMakeFiles/cmTC_6b02f.dir/build
make[1]: Entrando no diretório '/home/guilherme/wwpcamera/build/CMakeFiles/CMakeTmp'
Building C object CMakeFiles/cmTC_6b02f.dir/CheckFunctionExists.c.o
/usr/bin/gcc-11   -DCHECK_FUNCTION_EXISTS=pthread_create -o CMakeFiles/cmTC_6b02f.dir/CheckFunctionExists.c.o -c /usr/local/share/cmake-3.20/Modules/CheckFunctionExists.c
Linking C executable cmTC_6b02f
/usr/local/bin/cmake -E cmake_link_script CMakeFiles/cmTC_6b02f.dir/link.txt --verbose=1
/usr/bin/gcc-11  -DCHECK_FUNCTION_EXISTS=pthread_create -rdynamic CMakeFiles/cmTC_6b02f.dir/CheckFunctionExists.c.o -o cmTC_6b02f  -lpthreads 
/usr/bin/ld: não foi possível localizar -lpthreads
collect2: error: ld returned 1 exit status
make[1]: *** [CMakeFiles/cmTC_6b02f.dir/build.make:99: cmTC_6b02f] Erro 1
make[1]: Saindo do diretório '/home/guilherme/wwpcamera/build/CMakeFiles/CMakeTmp'
make: *** [Makefile:127: cmTC_6b02f/fast] Erro 2



